0 verbose cli /usr/bin/node-22 /usr/bin/npm
1 info using npm@10.9.3
2 info using node@v22.20.0
3 silly config load:file:/usr/lib/node_modules_22/npm/npmrc
4 silly config load:file:/home/romankozak/studio/public/forwardapp-suit/forwardapp-android/packages/shared-kmp/.npmrc
5 silly config load:file:/home/romankozak/.npmrc
6 silly config load:file:/etc/npmrc
7 verbose title npm pack
8 verbose argv "pack"
9 verbose logfile logs-max:10 dir:/home/romankozak/studio/public/forwardapp-suit/forwardapp-android/packages/.npm-cache/_logs/2025-11-14T07_33_15_368Z-
10 verbose logfile /home/romankozak/studio/public/forwardapp-suit/forwardapp-android/packages/.npm-cache/_logs/2025-11-14T07_33_15_368Z-debug-0.log
11 silly logfile done cleaning log files
12 silly packumentCache heap:2197815296 maxSize:549453824 maxEntrySize:274726912
13 notice
14 notice 📦  @forwardapp/shared-kmp@0.1.1
15 notice Tarball Contents
16 notice 303B package.json
17 notice Tarball Details
18 notice name: @forwardapp/shared-kmp
19 notice version: 0.1.1
20 notice filename: forwardapp-shared-kmp-0.1.1.tgz
21 notice package size: 248 B
22 notice unpacked size: 303 B
23 notice shasum: 5014ef2797a7b8a8dbc314905d8496181e462cf2
24 notice integrity: sha512-xcKv5dZ4nqfn7[...]SR2z7wZO1MzMw==
25 notice total files: 1
26 notice
27 verbose cwd /home/romankozak/studio/public/forwardapp-suit/forwardapp-android/packages/shared-kmp
28 verbose os Linux 6.17.7-200.fc42.x86_64
29 verbose node v22.20.0
30 verbose npm  v10.9.3
31 verbose exit 0
32 info ok
