0 verbose cli /usr/bin/node-22 /usr/bin/npm
1 info using npm@10.9.3
2 info using node@v22.20.0
3 silly config load:file:/usr/lib/node_modules_22/npm/npmrc
4 silly config load:file:/home/romankozak/studio/public/forwardapp-suit/forwardapp-android/apps/desktop-smoke/.npmrc
5 silly config load:file:/home/romankozak/.npmrc
6 silly config load:file:/etc/npmrc
7 verbose title npm install ../../packages/shared-kmp/forwardapp-shared-kmp-0.1.0.tgz
8 verbose argv "install" "../../packages/shared-kmp/forwardapp-shared-kmp-0.1.0.tgz"
9 verbose logfile logs-max:10 dir:/home/romankozak/studio/public/forwardapp-suit/forwardapp-android/apps/desktop-smoke/.npm-cache/_logs/2025-11-13T08_31_35_278Z-
10 verbose logfile /home/romankozak/studio/public/forwardapp-suit/forwardapp-android/apps/desktop-smoke/.npm-cache/_logs/2025-11-13T08_31_35_278Z-debug-0.log
11 silly logfile done cleaning log files
12 silly packumentCache heap:2197815296 maxSize:549453824 maxEntrySize:274726912
13 silly idealTree buildDeps
14 silly fetch manifest @forwardapp/shared-kmp@file:../../packages/shared-kmp/forwardapp-shared-kmp-0.1.0.tgz
15 silly placeDep ROOT @forwardapp/shared-kmp@0.1.0 OK for:  want: file:../../packages/shared-kmp/forwardapp-shared-kmp-0.1.0.tgz
16 silly reify moves {}
17 silly audit bulk request { '@forwardapp/shared-kmp': [ '0.1.0' ] }
18 silly audit bulk request failed undefined
19 verbose audit error FetchError: request to https://registry.npmjs.org/-/npm/v1/security/audits/quick failed, reason: getaddrinfo EAI_AGAIN registry.npmjs.org
19 verbose audit error     at ClientRequest.<anonymous> (/usr/lib/node_modules_22/npm/node_modules/minipass-fetch/lib/index.js:130:14)
19 verbose audit error     at ClientRequest.emit (node:events:519:28)
19 verbose audit error     at emitErrorEvent (node:_http_client:105:11)
19 verbose audit error     at _destroy (node:_http_client:898:9)
19 verbose audit error     at onSocketNT (node:_http_client:918:5)
19 verbose audit error     at process.processTicksAndRejections (node:internal/process/task_queues:91:21) {
19 verbose audit error   code: 'EAI_AGAIN',
19 verbose audit error   errno: 'EAI_AGAIN',
19 verbose audit error   syscall: 'getaddrinfo',
19 verbose audit error   hostname: 'registry.npmjs.org',
19 verbose audit error   type: 'system'
19 verbose audit error }
20 silly audit error undefined
21 silly audit report null
22 http cache @forwardapp/shared-kmp@file:/home/romankozak/studio/public/forwardapp-suit/forwardapp-android/packages/shared-kmp/forwardapp-shared-kmp-0.1.0.tgz 0ms (cache hit)
23 silly ADD node_modules/@forwardapp/shared-kmp
24 verbose cwd /home/romankozak/studio/public/forwardapp-suit/forwardapp-android/apps/desktop-smoke
25 verbose os Linux 6.17.7-200.fc42.x86_64
26 verbose node v22.20.0
27 verbose npm  v10.9.3
28 verbose exit 0
29 info ok
